# JRE version: OpenJDK Runtime Environment (8.0_222-b10) (build 1.8.0_222-b10)
# Java VM: OpenJDK 64-Bit Server VM (25.222-b10 mixed mode windows-amd64 compressed oops)
Heap:
 def new generation   total 9792K, used 1664K [0x00000000a2400000, 0x00000000a2ea0000, 0x00000000c1800000)
  eden space 8704K,   8% used [0x00000000a2400000, 0x00000000a24b64a8, 0x00000000a2c80000)
  from space 1088K,  86% used [0x00000000a2d90000, 0x00000000a2e79f00, 0x00000000a2ea0000)
  to   space 1088K,   0% used [0x00000000a2c80000, 0x00000000a2c80000, 0x00000000a2d90000)
 tenured generation   total 21888K, used 18637K [0x00000000c1800000, 0x00000000c2d60000, 0x0000000100000000)
   the space 21888K,  85% used [0x00000000c1800000, 0x00000000c2a33428, 0x00000000c2a33600, 0x00000000c2d60000)
 Metaspace       used 14599K, capacity 14770K, committed 14848K, reserved 1062912K
  class space    used 1480K, capacity 1533K, committed 1536K, reserved 1048576K
GC Heap History (10 events):
Event: 3.633 GC heap before
{Heap before GC invocations=56 (full 0):
 def new generation   total 9792K, used 9419K [0x00000000a2400000, 0x00000000a2ea0000, 0x00000000c1800000)
  eden space 8704K, 100% used [0x00000000a2400000, 0x00000000a2c80000, 0x00000000a2c80000)
  from space 1088K,  65% used [0x00000000a2c80000, 0x00000000a2d32dd8, 0x00000000a2d90000)
  to   space 1088K,   0% used [0x00000000a2d90000, 0x00000000a2d90000, 0x00000000a2ea0000)
 tenured generation   total 21888K, used 18320K [0x00000000c1800000, 0x00000000c2d60000, 0x0000000100000000)
   the space 21888K,  83% used [0x00000000c1800000, 0x00000000c29e4270, 0x00000000c29e4400, 0x00000000c2d60000)
 Metaspace       used 14015K, capacity 14258K, committed 14592K, reserved 1062912K
  class space    used 1419K, capacity 1469K, committed 1536K, reserved 1048576K
Event: 3.634 GC heap after
Heap after GC invocations=57 (full 0):
 def new generation   total 9792K, used 718K [0x00000000a2400000, 0x00000000a2ea0000, 0x00000000c1800000)
  eden space 8704K,   0% used [0x00000000a2400000, 0x00000000a2400000, 0x00000000a2c80000)
  from space 1088K,  66% used [0x00000000a2d90000, 0x00000000a2e43ba8, 0x00000000a2ea0000)
  to   space 1088K,   0% used [0x00000000a2c80000, 0x00000000a2c80000, 0x00000000a2d90000)
 tenured generation   total 21888K, used 18377K [0x00000000c1800000, 0x00000000c2d60000, 0x0000000100000000)
   the space 21888K,  83% used [0x00000000c1800000, 0x00000000c29f25f8, 0x00000000c29f2600, 0x00000000c2d60000)
 Metaspace       used 14015K, capacity 14258K, committed 14592K, reserved 1062912K
  class space    used 1419K, capacity 1469K, committed 1536K, reserved 1048576K
}
Event: 3.662 GC heap before
{Heap before GC invocations=57 (full 0):
 def new generation   total 9792K, used 9422K [0x00000000a2400000, 0x00000000a2ea0000, 0x00000000c1800000)
  eden space 8704K, 100% used [0x00000000a2400000, 0x00000000a2c80000, 0x00000000a2c80000)
  from space 1088K,  66% used [0x00000000a2d90000, 0x00000000a2e43ba8, 0x00000000a2ea0000)
  to   space 1088K,   0% used [0x00000000a2c80000, 0x00000000a2c80000, 0x00000000a2d90000)
 tenured generation   total 21888K, used 18377K [0x00000000c1800000, 0x00000000c2d60000, 0x0000000100000000)
   the space 21888K,  83% used [0x00000000c1800000, 0x00000000c29f25f8, 0x00000000c29f2600, 0x00000000c2d60000)
 Metaspace       used 14015K, capacity 14258K, committed 14592K, reserved 1062912K
  class space    used 1419K, capacity 1469K, committed 1536K, reserved 1048576K
Event: 3.663 GC heap after
Heap after GC invocations=58 (full 0):
 def new generation   total 9792K, used 713K [0x00000000a2400000, 0x00000000a2ea0000, 0x00000000c1800000)
  eden space 8704K,   0% used [0x00000000a2400000, 0x00000000a2400000, 0x00000000a2c80000)
  from space 1088K,  65% used [0x00000000a2c80000, 0x00000000a2d32478, 0x00000000a2d90000)
  to   space 1088K,   0% used [0x00000000a2d90000, 0x00000000a2d90000, 0x00000000a2ea0000)
 tenured generation   total 21888K, used 18438K [0x00000000c1800000, 0x00000000c2d60000, 0x0000000100000000)
   the space 21888K,  84% used [0x00000000c1800000, 0x00000000c2a018d8, 0x00000000c2a01a00, 0x00000000c2d60000)
 Metaspace       used 14015K, capacity 14258K, committed 14592K, reserved 1062912K
  class space    used 1419K, capacity 1469K, committed 1536K, reserved 1048576K
}
Event: 3.692 GC heap before
{Heap before GC invocations=58 (full 0):
 def new generation   total 9792K, used 9417K [0x00000000a2400000, 0x00000000a2ea0000, 0x00000000c1800000)
  eden space 8704K, 100% used [0x00000000a2400000, 0x00000000a2c80000, 0x00000000a2c80000)
  from space 1088K,  65% used [0x00000000a2c80000, 0x00000000a2d32478, 0x00000000a2d90000)
  to   space 1088K,   0% used [0x00000000a2d90000, 0x00000000a2d90000, 0x00000000a2ea0000)
 tenured generation   total 21888K, used 18438K [0x00000000c1800000, 0x00000000c2d60000, 0x0000000100000000)
   the space 21888K,  84% used [0x00000000c1800000, 0x00000000c2a018d8, 0x00000000c2a01a00, 0x00000000c2d60000)
 Metaspace       used 14016K, capacity 14258K, committed 14592K, reserved 1062912K
  class space    used 1419K, capacity 1469K, committed 1536K, reserved 1048576K
Event: 3.693 GC heap after
Heap after GC invocations=59 (full 0):
 def new generation   total 9792K, used 693K [0x00000000a2400000, 0x00000000a2ea0000, 0x00000000c1800000)
  eden space 8704K,   0% used [0x00000000a2400000, 0x00000000a2400000, 0x00000000a2c80000)
  from space 1088K,  63% used [0x00000000a2d90000, 0x00000000a2e3d608, 0x00000000a2ea0000)
  to   space 1088K,   0% used [0x00000000a2c80000, 0x00000000a2c80000, 0x00000000a2d90000)
 tenured generation   total 21888K, used 18476K [0x00000000c1800000, 0x00000000c2d60000, 0x0000000100000000)
   the space 21888K,  84% used [0x00000000c1800000, 0x00000000c2a0b3f0, 0x00000000c2a0b400, 0x00000000c2d60000)
 Metaspace       used 14016K, capacity 14258K, committed 14592K, reserved 1062912K
  class space    used 1419K, capacity 1469K, committed 1536K, reserved 1048576K
}
Event: 3.728 GC heap before
{Heap before GC invocations=59 (full 0):
 def new generation   total 9792K, used 9397K [0x00000000a2400000, 0x00000000a2ea0000, 0x00000000c1800000)
  eden space 8704K, 100% used [0x00000000a2400000, 0x00000000a2c80000, 0x00000000a2c80000)
  from space 1088K,  63% used [0x00000000a2d90000, 0x00000000a2e3d608, 0x00000000a2ea0000)
  to   space 1088K,   0% used [0x00000000a2c80000, 0x00000000a2c80000, 0x00000000a2d90000)
 tenured generation   total 21888K, used 18476K [0x00000000c1800000, 0x00000000c2d60000, 0x0000000100000000)
   the space 21888K,  84% used [0x00000000c1800000, 0x00000000c2a0b3f0, 0x00000000c2a0b400, 0x00000000c2d60000)
 Metaspace       used 14026K, capacity 14258K, committed 14592K, reserved 1062912K
  class space    used 1419K, capacity 1469K, committed 1536K, reserved 1048576K
Event: 3.729 GC heap after
Heap after GC invocations=60 (full 0):
 def new generation   total 9792K, used 729K [0x00000000a2400000, 0x00000000a2ea0000, 0x00000000c1800000)
  eden space 8704K,   0% used [0x00000000a2400000, 0x00000000a2400000, 0x00000000a2c80000)
  from space 1088K,  67% used [0x00000000a2c80000, 0x00000000a2d366e0, 0x00000000a2d90000)
  to   space 1088K,   0% used [0x00000000a2d90000, 0x00000000a2d90000, 0x00000000a2ea0000)
 tenured generation   total 21888K, used 18570K [0x00000000c1800000, 0x00000000c2d60000, 0x0000000100000000)
   the space 21888K,  84% used [0x00000000c1800000, 0x00000000c2a22870, 0x00000000c2a22a00, 0x00000000c2d60000)
 Metaspace       used 14026K, capacity 14258K, committed 14592K, reserved 1062912K
  class space    used 1419K, capacity 1469K, committed 1536K, reserved 1048576K
}
Event: 3.769 GC heap before
{Heap before GC invocations=60 (full 0):
 def new generation   total 9792K, used 9433K [0x00000000a2400000, 0x00000000a2ea0000, 0x00000000c1800000)
  eden space 8704K, 100% used [0x00000000a2400000, 0x00000000a2c80000, 0x00000000a2c80000)
  from space 1088K,  67% used [0x00000000a2c80000, 0x00000000a2d366e0, 0x00000000a2d90000)
  to   space 1088K,   0% used [0x00000000a2d90000, 0x00000000a2d90000, 0x00000000a2ea0000)
 tenured generation   total 21888K, used 18570K [0x00000000c1800000, 0x00000000c2d60000, 0x0000000100000000)
   the space 21888K,  84% used [0x00000000c1800000, 0x00000000c2a22870, 0x00000000c2a22a00, 0x00000000c2d60000)
 Metaspace       used 14518K, capacity 14706K, committed 14848K, reserved 1062912K
  class space    used 1472K, capacity 1533K, committed 1536K, reserved 1048576K
Event: 3.771 GC heap after
Heap after GC invocations=61 (full 0):
 def new generation   total 9792K, used 935K [0x00000000a2400000, 0x00000000a2ea0000, 0x00000000c1800000)
  eden space 8704K,   0% used [0x00000000a2400000, 0x00000000a2400000, 0x00000000a2c80000)
  from space 1088K,  86% used [0x00000000a2d90000, 0x00000000a2e79f00, 0x00000000a2ea0000)
  to   space 1088K,   0% used [0x00000000a2c80000, 0x00000000a2c80000, 0x00000000a2d90000)
 tenured generation   total 21888K, used 18637K [0x00000000c1800000, 0x00000000c2d60000, 0x0000000100000000)
   the space 21888K,  85% used [0x00000000c1800000, 0x00000000c2a33428, 0x00000000c2a33600, 0x00000000c2d60000)
 Metaspace       used 14518K, capacity 14706K, committed 14848K, reserved 1062912K
  class space    used 1472K, capacity 1533K, committed 1536K, reserved 1048576K
}

