# JRE version: OpenJDK Runtime Environment (8.0_222-b10) (build 1.8.0_222-b10)
# Java VM: OpenJDK 64-Bit Server VM (25.222-b10 mixed mode windows-amd64 compressed oops)
Heap:
 def new generation   total 9792K, used 3562K [0x00000000a2400000, 0x00000000a2ea0000, 0x00000000c1800000)
  eden space 8704K,  28% used [0x00000000a2400000, 0x00000000a266aa10, 0x00000000a2c80000)
  from space 1088K,  99% used [0x00000000a2d90000, 0x00000000a2e9fff8, 0x00000000a2ea0000)
  to   space 1088K,   0% used [0x00000000a2c80000, 0x00000000a2c80000, 0x00000000a2d90000)
 tenured generation   total 21888K, used 3469K [0x00000000c1800000, 0x00000000c2d60000, 0x0000000100000000)
   the space 21888K,  15% used [0x00000000c1800000, 0x00000000c1b637e8, 0x00000000c1b63800, 0x00000000c2d60000)
 Metaspace       used 10981K, capacity 11098K, committed 11264K, reserved 1058816K
  class space    used 1234K, capacity 1277K, committed 1280K, reserved 1048576K
GC Heap History (10 events):
Event: 0.281 GC heap before
{Heap before GC invocations=0 (full 0):
 def new generation   total 9792K, used 8704K [0x00000000a2400000, 0x00000000a2ea0000, 0x00000000c1800000)
  eden space 8704K, 100% used [0x00000000a2400000, 0x00000000a2c80000, 0x00000000a2c80000)
  from space 1088K,   0% used [0x00000000a2c80000, 0x00000000a2c80000, 0x00000000a2d90000)
  to   space 1088K,   0% used [0x00000000a2d90000, 0x00000000a2d90000, 0x00000000a2ea0000)
 tenured generation   total 21888K, used 0K [0x00000000c1800000, 0x00000000c2d60000, 0x0000000100000000)
   the space 21888K,   0% used [0x00000000c1800000, 0x00000000c1800000, 0x00000000c1800200, 0x00000000c2d60000)
 Metaspace       used 5044K, capacity 5100K, committed 5248K, reserved 1056768K
  class space    used 506K, capacity 528K, committed 640K, reserved 1048576K
Event: 0.284 GC heap after
Heap after GC invocations=1 (full 0):
 def new generation   total 9792K, used 1087K [0x00000000a2400000, 0x00000000a2ea0000, 0x00000000c1800000)
  eden space 8704K,   0% used [0x00000000a2400000, 0x00000000a2400000, 0x00000000a2c80000)
  from space 1088K,  99% used [0x00000000a2d90000, 0x00000000a2e9fff8, 0x00000000a2ea0000)
  to   space 1088K,   0% used [0x00000000a2c80000, 0x00000000a2c80000, 0x00000000a2d90000)
 tenured generation   total 21888K, used 933K [0x00000000c1800000, 0x00000000c2d60000, 0x0000000100000000)
   the space 21888K,   4% used [0x00000000c1800000, 0x00000000c18e96c0, 0x00000000c18e9800, 0x00000000c2d60000)
 Metaspace       used 5044K, capacity 5100K, committed 5248K, reserved 1056768K
  class space    used 506K, capacity 528K, committed 640K, reserved 1048576K
}
Event: 0.400 GC heap before
{Heap before GC invocations=1 (full 0):
 def new generation   total 9792K, used 9791K [0x00000000a2400000, 0x00000000a2ea0000, 0x00000000c1800000)
  eden space 8704K, 100% used [0x00000000a2400000, 0x00000000a2c80000, 0x00000000a2c80000)
  from space 1088K,  99% used [0x00000000a2d90000, 0x00000000a2e9fff8, 0x00000000a2ea0000)
  to   space 1088K,   0% used [0x00000000a2c80000, 0x00000000a2c80000, 0x00000000a2d90000)
 tenured generation   total 21888K, used 933K [0x00000000c1800000, 0x00000000c2d60000, 0x0000000100000000)
   the space 21888K,   4% used [0x00000000c1800000, 0x00000000c18e96c0, 0x00000000c18e9800, 0x00000000c2d60000)
 Metaspace       used 6034K, capacity 6092K, committed 6272K, reserved 1056768K
  class space    used 605K, capacity 624K, committed 640K, reserved 1048576K
Event: 0.404 GC heap after
Heap after GC invocations=2 (full 0):
 def new generation   total 9792K, used 1013K [0x00000000a2400000, 0x00000000a2ea0000, 0x00000000c1800000)
  eden space 8704K,   0% used [0x00000000a2400000, 0x00000000a2400000, 0x00000000a2c80000)
  from space 1088K,  93% used [0x00000000a2c80000, 0x00000000a2d7d478, 0x00000000a2d90000)
  to   space 1088K,   0% used [0x00000000a2d90000, 0x00000000a2d90000, 0x00000000a2ea0000)
 tenured generation   total 21888K, used 2015K [0x00000000c1800000, 0x00000000c2d60000, 0x0000000100000000)
   the space 21888K,   9% used [0x00000000c1800000, 0x00000000c19f7e60, 0x00000000c19f8000, 0x00000000c2d60000)
 Metaspace       used 6034K, capacity 6092K, committed 6272K, reserved 1056768K
  class space    used 605K, capacity 624K, committed 640K, reserved 1048576K
}
Event: 0.513 GC heap before
{Heap before GC invocations=2 (full 0):
 def new generation   total 9792K, used 9717K [0x00000000a2400000, 0x00000000a2ea0000, 0x00000000c1800000)
  eden space 8704K, 100% used [0x00000000a2400000, 0x00000000a2c80000, 0x00000000a2c80000)
  from space 1088K,  93% used [0x00000000a2c80000, 0x00000000a2d7d478, 0x00000000a2d90000)
  to   space 1088K,   0% used [0x00000000a2d90000, 0x00000000a2d90000, 0x00000000a2ea0000)
 tenured generation   total 21888K, used 2015K [0x00000000c1800000, 0x00000000c2d60000, 0x0000000100000000)
   the space 21888K,   9% used [0x00000000c1800000, 0x00000000c19f7e60, 0x00000000c19f8000, 0x00000000c2d60000)
 Metaspace       used 6972K, capacity 7116K, committed 7168K, reserved 1056768K
  class space    used 710K, capacity 752K, committed 768K, reserved 1048576K
Event: 0.515 GC heap after
Heap after GC invocations=3 (full 0):
 def new generation   total 9792K, used 1047K [0x00000000a2400000, 0x00000000a2ea0000, 0x00000000c1800000)
  eden space 8704K,   0% used [0x00000000a2400000, 0x00000000a2400000, 0x00000000a2c80000)
  from space 1088K,  96% used [0x00000000a2d90000, 0x00000000a2e95f68, 0x00000000a2ea0000)
  to   space 1088K,   0% used [0x00000000a2c80000, 0x00000000a2c80000, 0x00000000a2d90000)
 tenured generation   total 21888K, used 2189K [0x00000000c1800000, 0x00000000c2d60000, 0x0000000100000000)
   the space 21888K,  10% used [0x00000000c1800000, 0x00000000c1a23528, 0x00000000c1a23600, 0x00000000c2d60000)
 Metaspace       used 6972K, capacity 7116K, committed 7168K, reserved 1056768K
  class space    used 710K, capacity 752K, committed 768K, reserved 1048576K
}
Event: 0.636 GC heap before
{Heap before GC invocations=3 (full 0):
 def new generation   total 9792K, used 9751K [0x00000000a2400000, 0x00000000a2ea0000, 0x00000000c1800000)
  eden space 8704K, 100% used [0x00000000a2400000, 0x00000000a2c80000, 0x00000000a2c80000)
  from space 1088K,  96% used [0x00000000a2d90000, 0x00000000a2e95f68, 0x00000000a2ea0000)
  to   space 1088K,   0% used [0x00000000a2c80000, 0x00000000a2c80000, 0x00000000a2d90000)
 tenured generation   total 21888K, used 2189K [0x00000000c1800000, 0x00000000c2d60000, 0x0000000100000000)
   the space 21888K,  10% used [0x00000000c1800000, 0x00000000c1a23528, 0x00000000c1a23600, 0x00000000c2d60000)
 Metaspace       used 8867K, capacity 8940K, committed 9088K, reserved 1056768K
  class space    used 981K, capacity 1040K, committed 1152K, reserved 1048576K
Event: 0.638 GC heap after
Heap after GC invocations=4 (full 0):
 def new generation   total 9792K, used 1087K [0x00000000a2400000, 0x00000000a2ea0000, 0x00000000c1800000)
  eden space 8704K,   0% used [0x00000000a2400000, 0x00000000a2400000, 0x00000000a2c80000)
  from space 1088K,  99% used [0x00000000a2c80000, 0x00000000a2d8fff8, 0x00000000a2d90000)
  to   space 1088K,   0% used [0x00000000a2d90000, 0x00000000a2d90000, 0x00000000a2ea0000)
 tenured generation   total 21888K, used 2805K [0x00000000c1800000, 0x00000000c2d60000, 0x0000000100000000)
   the space 21888K,  12% used [0x00000000c1800000, 0x00000000c1abd578, 0x00000000c1abd600, 0x00000000c2d60000)
 Metaspace       used 8867K, capacity 8940K, committed 9088K, reserved 1056768K
  class space    used 981K, capacity 1040K, committed 1152K, reserved 1048576K
}
Event: 0.781 GC heap before
{Heap before GC invocations=4 (full 0):
 def new generation   total 9792K, used 9791K [0x00000000a2400000, 0x00000000a2ea0000, 0x00000000c1800000)
  eden space 8704K, 100% used [0x00000000a2400000, 0x00000000a2c80000, 0x00000000a2c80000)
  from space 1088K,  99% used [0x00000000a2c80000, 0x00000000a2d8fff8, 0x00000000a2d90000)
  to   space 1088K,   0% used [0x00000000a2d90000, 0x00000000a2d90000, 0x00000000a2ea0000)
 tenured generation   total 21888K, used 2805K [0x00000000c1800000, 0x00000000c2d60000, 0x0000000100000000)
   the space 21888K,  12% used [0x00000000c1800000, 0x00000000c1abd578, 0x00000000c1abd600, 0x00000000c2d60000)
 Metaspace       used 10921K, capacity 11034K, committed 11264K, reserved 1058816K
  class space    used 1234K, capacity 1277K, committed 1280K, reserved 1048576K
Event: 0.784 GC heap after
Heap after GC invocations=5 (full 0):
 def new generation   total 9792K, used 1087K [0x00000000a2400000, 0x00000000a2ea0000, 0x00000000c1800000)
  eden space 8704K,   0% used [0x00000000a2400000, 0x00000000a2400000, 0x00000000a2c80000)
  from space 1088K,  99% used [0x00000000a2d90000, 0x00000000a2e9fff8, 0x00000000a2ea0000)
  to   space 1088K,   0% used [0x00000000a2c80000, 0x00000000a2c80000, 0x00000000a2d90000)
 tenured generation   total 21888K, used 3469K [0x00000000c1800000, 0x00000000c2d60000, 0x0000000100000000)
   the space 21888K,  15% used [0x00000000c1800000, 0x00000000c1b637e8, 0x00000000c1b63800, 0x00000000c2d60000)
 Metaspace       used 10921K, capacity 11034K, committed 11264K, reserved 1058816K
  class space    used 1234K, capacity 1277K, committed 1280K, reserved 1048576K
}

