# JRE version: OpenJDK Runtime Environment (8.0_222-b10) (build 1.8.0_222-b10)
# Java VM: OpenJDK 64-Bit Server VM (25.222-b10 mixed mode windows-amd64 compressed oops)
Heap:
 def new generation   total 9792K, used 7866K [0x00000000a2400000, 0x00000000a2ea0000, 0x00000000c1800000)
  eden space 8704K,  82% used [0x00000000a2400000, 0x00000000a2afa498, 0x00000000a2c80000)
  from space 1088K,  66% used [0x00000000a2c80000, 0x00000000a2d343e8, 0x00000000a2d90000)
  to   space 1088K,   0% used [0x00000000a2d90000, 0x00000000a2d90000, 0x00000000a2ea0000)
 tenured generation   total 21888K, used 18666K [0x00000000c1800000, 0x00000000c2d60000, 0x0000000100000000)
   the space 21888K,  85% used [0x00000000c1800000, 0x00000000c2a3abc8, 0x00000000c2a3ac00, 0x00000000c2d60000)
 Metaspace       used 14534K, capacity 14770K, committed 14848K, reserved 1062912K
  class space    used 1481K, capacity 1533K, committed 1536K, reserved 1048576K
GC Heap History (10 events):
Event: 4.401 GC heap before
{Heap before GC invocations=55 (full 0):
 def new generation   total 9792K, used 9412K [0x00000000a2400000, 0x00000000a2ea0000, 0x00000000c1800000)
  eden space 8704K, 100% used [0x00000000a2400000, 0x00000000a2c80000, 0x00000000a2c80000)
  from space 1088K,  65% used [0x00000000a2d90000, 0x00000000a2e41300, 0x00000000a2ea0000)
  to   space 1088K,   0% used [0x00000000a2c80000, 0x00000000a2c80000, 0x00000000a2d90000)
 tenured generation   total 21888K, used 18410K [0x00000000c1800000, 0x00000000c2d60000, 0x0000000100000000)
   the space 21888K,  84% used [0x00000000c1800000, 0x00000000c29fa8c0, 0x00000000c29faa00, 0x00000000c2d60000)
 Metaspace       used 13901K, capacity 14066K, committed 14336K, reserved 1062912K
  class space    used 1419K, capacity 1469K, committed 1536K, reserved 1048576K
Event: 4.402 GC heap after
Heap after GC invocations=56 (full 0):
 def new generation   total 9792K, used 677K [0x00000000a2400000, 0x00000000a2ea0000, 0x00000000c1800000)
  eden space 8704K,   0% used [0x00000000a2400000, 0x00000000a2400000, 0x00000000a2c80000)
  from space 1088K,  62% used [0x00000000a2c80000, 0x00000000a2d294d0, 0x00000000a2d90000)
  to   space 1088K,   0% used [0x00000000a2d90000, 0x00000000a2d90000, 0x00000000a2ea0000)
 tenured generation   total 21888K, used 18458K [0x00000000c1800000, 0x00000000c2d60000, 0x0000000100000000)
   the space 21888K,  84% used [0x00000000c1800000, 0x00000000c2a068d0, 0x00000000c2a06a00, 0x00000000c2d60000)
 Metaspace       used 13901K, capacity 14066K, committed 14336K, reserved 1062912K
  class space    used 1419K, capacity 1469K, committed 1536K, reserved 1048576K
}
Event: 4.439 GC heap before
{Heap before GC invocations=56 (full 0):
 def new generation   total 9792K, used 9381K [0x00000000a2400000, 0x00000000a2ea0000, 0x00000000c1800000)
  eden space 8704K, 100% used [0x00000000a2400000, 0x00000000a2c80000, 0x00000000a2c80000)
  from space 1088K,  62% used [0x00000000a2c80000, 0x00000000a2d294d0, 0x00000000a2d90000)
  to   space 1088K,   0% used [0x00000000a2d90000, 0x00000000a2d90000, 0x00000000a2ea0000)
 tenured generation   total 21888K, used 18458K [0x00000000c1800000, 0x00000000c2d60000, 0x0000000100000000)
   the space 21888K,  84% used [0x00000000c1800000, 0x00000000c2a068d0, 0x00000000c2a06a00, 0x00000000c2d60000)
 Metaspace       used 13929K, capacity 14130K, committed 14336K, reserved 1062912K
  class space    used 1419K, capacity 1469K, committed 1536K, reserved 1048576K
Event: 4.441 GC heap after
Heap after GC invocations=57 (full 0):
 def new generation   total 9792K, used 696K [0x00000000a2400000, 0x00000000a2ea0000, 0x00000000c1800000)
  eden space 8704K,   0% used [0x00000000a2400000, 0x00000000a2400000, 0x00000000a2c80000)
  from space 1088K,  64% used [0x00000000a2d90000, 0x00000000a2e3e2d0, 0x00000000a2ea0000)
  to   space 1088K,   0% used [0x00000000a2c80000, 0x00000000a2c80000, 0x00000000a2d90000)
 tenured generation   total 21888K, used 18491K [0x00000000c1800000, 0x00000000c2d60000, 0x0000000100000000)
   the space 21888K,  84% used [0x00000000c1800000, 0x00000000c2a0ed18, 0x00000000c2a0ee00, 0x00000000c2d60000)
 Metaspace       used 13929K, capacity 14130K, committed 14336K, reserved 1062912K
  class space    used 1419K, capacity 1469K, committed 1536K, reserved 1048576K
}
Event: 4.496 GC heap before
{Heap before GC invocations=57 (full 0):
 def new generation   total 9792K, used 9400K [0x00000000a2400000, 0x00000000a2ea0000, 0x00000000c1800000)
  eden space 8704K, 100% used [0x00000000a2400000, 0x00000000a2c80000, 0x00000000a2c80000)
  from space 1088K,  64% used [0x00000000a2d90000, 0x00000000a2e3e2d0, 0x00000000a2ea0000)
  to   space 1088K,   0% used [0x00000000a2c80000, 0x00000000a2c80000, 0x00000000a2d90000)
 tenured generation   total 21888K, used 18491K [0x00000000c1800000, 0x00000000c2d60000, 0x0000000100000000)
   the space 21888K,  84% used [0x00000000c1800000, 0x00000000c2a0ed18, 0x00000000c2a0ee00, 0x00000000c2d60000)
 Metaspace       used 13938K, capacity 14130K, committed 14336K, reserved 1062912K
  class space    used 1420K, capacity 1469K, committed 1536K, reserved 1048576K
Event: 4.498 GC heap after
Heap after GC invocations=58 (full 0):
 def new generation   total 9792K, used 729K [0x00000000a2400000, 0x00000000a2ea0000, 0x00000000c1800000)
  eden space 8704K,   0% used [0x00000000a2400000, 0x00000000a2400000, 0x00000000a2c80000)
  from space 1088K,  67% used [0x00000000a2c80000, 0x00000000a2d36470, 0x00000000a2d90000)
  to   space 1088K,   0% used [0x00000000a2d90000, 0x00000000a2d90000, 0x00000000a2ea0000)
 tenured generation   total 21888K, used 18542K [0x00000000c1800000, 0x00000000c2d60000, 0x0000000100000000)
   the space 21888K,  84% used [0x00000000c1800000, 0x00000000c2a1b8f8, 0x00000000c2a1ba00, 0x00000000c2d60000)
 Metaspace       used 13938K, capacity 14130K, committed 14336K, reserved 1062912K
  class space    used 1420K, capacity 1469K, committed 1536K, reserved 1048576K
}
Event: 4.526 GC heap before
{Heap before GC invocations=58 (full 0):
 def new generation   total 9792K, used 9433K [0x00000000a2400000, 0x00000000a2ea0000, 0x00000000c1800000)
  eden space 8704K, 100% used [0x00000000a2400000, 0x00000000a2c80000, 0x00000000a2c80000)
  from space 1088K,  67% used [0x00000000a2c80000, 0x00000000a2d36470, 0x00000000a2d90000)
  to   space 1088K,   0% used [0x00000000a2d90000, 0x00000000a2d90000, 0x00000000a2ea0000)
 tenured generation   total 21888K, used 18542K [0x00000000c1800000, 0x00000000c2d60000, 0x0000000100000000)
   the space 21888K,  84% used [0x00000000c1800000, 0x00000000c2a1b8f8, 0x00000000c2a1ba00, 0x00000000c2d60000)
 Metaspace       used 13945K, capacity 14130K, committed 14336K, reserved 1062912K
  class space    used 1420K, capacity 1469K, committed 1536K, reserved 1048576K
Event: 4.528 GC heap after
Heap after GC invocations=59 (full 0):
 def new generation   total 9792K, used 719K [0x00000000a2400000, 0x00000000a2ea0000, 0x00000000c1800000)
  eden space 8704K,   0% used [0x00000000a2400000, 0x00000000a2400000, 0x00000000a2c80000)
  from space 1088K,  66% used [0x00000000a2d90000, 0x00000000a2e43d18, 0x00000000a2ea0000)
  to   space 1088K,   0% used [0x00000000a2c80000, 0x00000000a2c80000, 0x00000000a2d90000)
 tenured generation   total 21888K, used 18607K [0x00000000c1800000, 0x00000000c2d60000, 0x0000000100000000)
   the space 21888K,  85% used [0x00000000c1800000, 0x00000000c2a2be48, 0x00000000c2a2c000, 0x00000000c2d60000)
 Metaspace       used 13945K, capacity 14130K, committed 14336K, reserved 1062912K
  class space    used 1420K, capacity 1469K, committed 1536K, reserved 1048576K
}
Event: 4.569 GC heap before
{Heap before GC invocations=59 (full 0):
 def new generation   total 9792K, used 9423K [0x00000000a2400000, 0x00000000a2ea0000, 0x00000000c1800000)
  eden space 8704K, 100% used [0x00000000a2400000, 0x00000000a2c80000, 0x00000000a2c80000)
  from space 1088K,  66% used [0x00000000a2d90000, 0x00000000a2e43d18, 0x00000000a2ea0000)
  to   space 1088K,   0% used [0x00000000a2c80000, 0x00000000a2c80000, 0x00000000a2d90000)
 tenured generation   total 21888K, used 18607K [0x00000000c1800000, 0x00000000c2d60000, 0x0000000100000000)
   the space 21888K,  85% used [0x00000000c1800000, 0x00000000c2a2be48, 0x00000000c2a2c000, 0x00000000c2d60000)
 Metaspace       used 13957K, capacity 14130K, committed 14336K, reserved 1062912K
  class space    used 1420K, capacity 1469K, committed 1536K, reserved 1048576K
Event: 4.571 GC heap after
Heap after GC invocations=60 (full 0):
 def new generation   total 9792K, used 720K [0x00000000a2400000, 0x00000000a2ea0000, 0x00000000c1800000)
  eden space 8704K,   0% used [0x00000000a2400000, 0x00000000a2400000, 0x00000000a2c80000)
  from space 1088K,  66% used [0x00000000a2c80000, 0x00000000a2d343e8, 0x00000000a2d90000)
  to   space 1088K,   0% used [0x00000000a2d90000, 0x00000000a2d90000, 0x00000000a2ea0000)
 tenured generation   total 21888K, used 18666K [0x00000000c1800000, 0x00000000c2d60000, 0x0000000100000000)
   the space 21888K,  85% used [0x00000000c1800000, 0x00000000c2a3abc8, 0x00000000c2a3ac00, 0x00000000c2d60000)
 Metaspace       used 13957K, capacity 14130K, committed 14336K, reserved 1062912K
  class space    used 1420K, capacity 1469K, committed 1536K, reserved 1048576K
}

